<?xml version="1.0" encoding="UTF-8"?>
<coverage generated="1767437500749" clover="3.2.0">
  <project timestamp="1767437500749" name="All files">
    <metrics statements="25" coveredstatements="25" conditionals="18" coveredconditionals="13" methods="10" coveredmethods="9" elements="53" coveredelements="47" complexity="0" loc="25" ncloc="25" packages="1" files="2" classes="2"/>
    <file name="programs.get.ts" path="/home/meb/med/server/api/admin/programs.get.ts">
      <metrics statements="4" coveredstatements="4" conditionals="6" coveredconditionals="6" methods="3" coveredmethods="3"/>
      <line num="6" count="2" type="stmt"/>
      <line num="8" count="2" type="stmt"/>
      <line num="20" count="2" type="stmt"/>
      <line num="25" count="2" type="stmt"/>
    </file>
    <file name="programs.post.ts" path="/home/meb/med/server/api/admin/programs.post.ts">
      <metrics statements="21" coveredstatements="21" conditionals="12" coveredconditionals="7" methods="7" coveredmethods="6"/>
      <line num="7" count="1" type="stmt"/>
      <line num="37" count="1" type="stmt"/>
      <line num="45" count="3" type="stmt"/>
      <line num="47" count="3" type="stmt"/>
      <line num="48" count="3" type="stmt"/>
      <line num="51" count="3" type="stmt"/>
      <line num="52" count="3" type="stmt"/>
      <line num="55" count="2" type="cond" truecount="2" falsecount="0"/>
      <line num="56" count="1" type="stmt"/>
      <line num="57" count="1" type="stmt"/>
      <line num="58" count="1" type="stmt"/>
      <line num="64" count="1" type="stmt"/>
      <line num="69" count="1" type="stmt"/>
      <line num="71" count="1" type="stmt"/>
      <line num="85" count="1" type="stmt"/>
      <line num="91" count="1" type="stmt"/>
      <line num="95" count="1" type="stmt"/>
      <line num="97" count="1" type="stmt"/>
      <line num="113" count="1" type="stmt"/>
      <line num="116" count="1" type="stmt"/>
      <line num="124" count="1" type="stmt"/>
    </file>
  </project>
</coverage>
