{"/home/meb/med/server/api/admin/programs.get.ts": {"path":"/home/meb/med/server/api/admin/programs.get.ts","statementMap":{"0":{"start":{"line":6,"column":2},"end":{"line":6,"column":null}},"1":{"start":{"line":8,"column":19},"end":{"line":18,"column":null}},"2":{"start":{"line":20,"column":2},"end":{"line":40,"column":null}},"3":{"start":{"line":20,"column":30},"end":{"line":40,"column":4}},"4":{"start":{"line":25,"column":31},"end":{"line":39,"column":6}}},"fnMap":{"0":{"name":"(anonymous_0)","decl":{"start":{"line":5,"column":34},"end":{"line":5,"column":41}},"loc":{"start":{"line":5,"column":51},"end":{"line":41,"column":1}},"line":5},"1":{"name":"(anonymous_1)","decl":{"start":{"line":20,"column":22},"end":{"line":20,"column":23}},"loc":{"start":{"line":20,"column":30},"end":{"line":40,"column":4}},"line":20},"2":{"name":"(anonymous_2)","decl":{"start":{"line":25,"column":23},"end":{"line":25,"column":24}},"loc":{"start":{"line":25,"column":31},"end":{"line":39,"column":6}},"line":25}},"branchMap":{"0":{"loc":{"start":{"line":36,"column":15},"end":{"line":36,"column":null}},"type":"cond-expr","locations":[{"start":{"line":36,"column":34},"end":{"line":36,"column":65}},{"start":{"line":36,"column":65},"end":{"line":36,"column":null}}],"line":36},"1":{"loc":{"start":{"line":37,"column":14},"end":{"line":37,"column":null}},"type":"cond-expr","locations":[{"start":{"line":37,"column":32},"end":{"line":37,"column":62}},{"start":{"line":37,"column":62},"end":{"line":37,"column":null}}],"line":37},"2":{"loc":{"start":{"line":38,"column":16},"end":{"line":38,"column":null}},"type":"cond-expr","locations":[{"start":{"line":38,"column":36},"end":{"line":38,"column":68}},{"start":{"line":38,"column":68},"end":{"line":38,"column":null}}],"line":38}},"s":{"0":2,"1":2,"2":2,"3":2,"4":2},"f":{"0":2,"1":2,"2":2},"b":{"0":[1,1],"1":[1,1],"2":[1,1]},"meta":{"lastBranch":3,"lastFunction":3,"lastStatement":5,"seen":{"f:5:34:5:41":0,"s:6:2:6:Infinity":0,"s:8:19:18:Infinity":1,"s:20:2:40:Infinity":2,"f:20:22:20:23":1,"s:20:30:40:4":3,"f:25:23:25:24":2,"s:25:31:39:6":4,"b:36:34:36:65:36:65:36:Infinity":0,"b:37:32:37:62:37:62:37:Infinity":1,"b:38:36:38:68:38:68:38:Infinity":2}}}
,"/home/meb/med/server/api/admin/programs.post.ts": {"path":"/home/meb/med/server/api/admin/programs.post.ts","statementMap":{"0":{"start":{"line":7,"column":19},"end":{"line":35,"column":null}},"1":{"start":{"line":37,"column":22},"end":{"line":42,"column":null}},"2":{"start":{"line":45,"column":2},"end":{"line":45,"column":null}},"3":{"start":{"line":47,"column":15},"end":{"line":47,"column":null}},"4":{"start":{"line":48,"column":15},"end":{"line":48,"column":null}},"5":{"start":{"line":51,"column":23},"end":{"line":51,"column":null}},"6":{"start":{"line":51,"column":57},"end":{"line":51,"column":70}},"7":{"start":{"line":52,"column":19},"end":{"line":54,"column":null}},"8":{"start":{"line":55,"column":2},"end":{"line":62,"column":null}},"9":{"start":{"line":56,"column":18},"end":{"line":56,"column":null}},"10":{"start":{"line":56,"column":46},"end":{"line":56,"column":52}},"11":{"start":{"line":57,"column":20},"end":{"line":57,"column":null}},"12":{"start":{"line":57,"column":47},"end":{"line":57,"column":60}},"13":{"start":{"line":58,"column":4},"end":{"line":61,"column":null}},"14":{"start":{"line":64,"column":17},"end":{"line":67,"column":null}},"15":{"start":{"line":69,"column":17},"end":{"line":114,"column":null}},"16":{"start":{"line":71,"column":17},"end":{"line":82,"column":null}},"17":{"start":{"line":85,"column":4},"end":{"line":87,"column":null}},"18":{"start":{"line":91,"column":23},"end":{"line":91,"column":null}},"19":{"start":{"line":91,"column":51},"end":{"line":91,"column":65}},"20":{"start":{"line":95,"column":4},"end":{"line":111,"column":null}},"21":{"start":{"line":97,"column":8},"end":{"line":109,"column":null}},"22":{"start":{"line":113,"column":4},"end":{"line":113,"column":null}},"23":{"start":{"line":116,"column":2},"end":{"line":122,"column":null}},"24":{"start":{"line":124,"column":2},"end":{"line":124,"column":null}}},"fnMap":{"0":{"name":"(anonymous_0)","decl":{"start":{"line":44,"column":34},"end":{"line":44,"column":41}},"loc":{"start":{"line":44,"column":51},"end":{"line":125,"column":1}},"line":44},"1":{"name":"(anonymous_1)","decl":{"start":{"line":51,"column":50},"end":{"line":51,"column":51}},"loc":{"start":{"line":51,"column":57},"end":{"line":51,"column":70}},"line":51},"2":{"name":"(anonymous_2)","decl":{"start":{"line":56,"column":39},"end":{"line":56,"column":40}},"loc":{"start":{"line":56,"column":46},"end":{"line":56,"column":52}},"line":56},"3":{"name":"(anonymous_3)","decl":{"start":{"line":57,"column":40},"end":{"line":57,"column":41}},"loc":{"start":{"line":57,"column":47},"end":{"line":57,"column":60}},"line":57},"4":{"name":"(anonymous_4)","decl":{"start":{"line":69,"column":43},"end":{"line":69,"column":50}},"loc":{"start":{"line":69,"column":57},"end":{"line":114,"column":3}},"line":69},"5":{"name":"(anonymous_5)","decl":{"start":{"line":91,"column":44},"end":{"line":91,"column":45}},"loc":{"start":{"line":91,"column":51},"end":{"line":91,"column":65}},"line":91},"6":{"name":"(anonymous_6)","decl":{"start":{"line":96,"column":21},"end":{"line":96,"column":22}},"loc":{"start":{"line":97,"column":8},"end":{"line":109,"column":null}},"line":97}},"branchMap":{"0":{"loc":{"start":{"line":55,"column":2},"end":{"line":62,"column":null}},"type":"if","locations":[{"start":{"line":55,"column":2},"end":{"line":62,"column":null}},{"start":{},"end":{}}],"line":55},"1":{"loc":{"start":{"line":105,"column":43},"end":{"line":105,"column":58}},"type":"binary-expr","locations":[{"start":{"line":105,"column":43},"end":{"line":105,"column":56}},{"start":{"line":105,"column":56},"end":{"line":105,"column":58}}],"line":105},"2":{"loc":{"start":{"line":106,"column":42},"end":{"line":106,"column":56}},"type":"binary-expr","locations":[{"start":{"line":106,"column":42},"end":{"line":106,"column":54}},{"start":{"line":106,"column":54},"end":{"line":106,"column":56}}],"line":106},"3":{"loc":{"start":{"line":107,"column":44},"end":{"line":107,"column":60}},"type":"binary-expr","locations":[{"start":{"line":107,"column":44},"end":{"line":107,"column":58}},{"start":{"line":107,"column":58},"end":{"line":107,"column":60}}],"line":107},"4":{"loc":{"start":{"line":118,"column":12},"end":{"line":118,"column":null}},"type":"cond-expr","locations":[{"start":{"line":118,"column":21},"end":{"line":118,"column":40}},{"start":{"line":118,"column":40},"end":{"line":118,"column":null}}],"line":118},"5":{"loc":{"start":{"line":120,"column":12},"end":{"line":120,"column":null}},"type":"cond-expr","locations":[{"start":{"line":120,"column":21},"end":{"line":120,"column":58}},{"start":{"line":120,"column":58},"end":{"line":120,"column":null}}],"line":120}},"s":{"0":1,"1":1,"2":3,"3":3,"4":3,"5":3,"6":2,"7":3,"8":2,"9":1,"10":0,"11":1,"12":1,"13":1,"14":1,"15":1,"16":1,"17":1,"18":1,"19":1,"20":1,"21":1,"22":1,"23":1,"24":1},"f":{"0":3,"1":2,"2":0,"3":1,"4":1,"5":1,"6":1},"b":{"0":[1,1],"1":[1,0],"2":[1,0],"3":[1,0],"4":[0,1],"5":[0,1]},"meta":{"lastBranch":6,"lastFunction":7,"lastStatement":25,"seen":{"s:7:19:35:Infinity":0,"s:37:22:42:Infinity":1,"f:44:34:44:41":0,"s:45:2:45:Infinity":2,"s:47:15:47:Infinity":3,"s:48:15:48:Infinity":4,"s:51:23:51:Infinity":5,"f:51:50:51:51":1,"s:51:57:51:70":6,"s:52:19:54:Infinity":7,"b:55:2:62:Infinity:undefined:undefined:undefined:undefined":0,"s:55:2:62:Infinity":8,"s:56:18:56:Infinity":9,"f:56:39:56:40":2,"s:56:46:56:52":10,"s:57:20:57:Infinity":11,"f:57:40:57:41":3,"s:57:47:57:60":12,"s:58:4:61:Infinity":13,"s:64:17:67:Infinity":14,"s:69:17:114:Infinity":15,"f:69:43:69:50":4,"s:71:17:82:Infinity":16,"s:85:4:87:Infinity":17,"s:91:23:91:Infinity":18,"f:91:44:91:45":5,"s:91:51:91:65":19,"s:95:4:111:Infinity":20,"f:96:21:96:22":6,"s:97:8:109:Infinity":21,"b:105:43:105:56:105:56:105:58":1,"b:106:42:106:54:106:54:106:56":2,"b:107:44:107:58:107:58:107:60":3,"s:113:4:113:Infinity":22,"s:116:2:122:Infinity":23,"b:118:21:118:40:118:40:118:Infinity":4,"b:120:21:120:58:120:58:120:Infinity":5,"s:124:2:124:Infinity":24}}}
}
